<?xml version="1.0" encoding="UTF-8"?>
<testsuite name="testcases.AppointmentPageTest" tests="1" skipped="0" failures="0" errors="0" timestamp="2023-03-11T16:19:08" hostname="192.168.0.104" time="5.849">
  <properties/>
  <testcase name="AppointmentFullTest" classname="testcases.AppointmentPageTest" time="5.849"/>
  <system-out><![CDATA[Test case execution started
Homepage loaded properly.
HomePage Ok
AppointmentTest Ok
Test case execution finished
]]></system-out>
  <system-err><![CDATA[Starting ChromeDriver 111.0.5563.64 (c710e93d5b63b7095afe8c2c17df34408078439d-refs/branch-heads/5563@{#995}) on port 9829
Only local connections are allowed.
Please see https://chromedriver.chromium.org/security-considerations for suggestions on keeping ChromeDriver safe.
ChromeDriver was started successfully.
márc. 11, 2023 5:19:07 DU. org.openqa.selenium.devtools.CdpVersionFinder findNearestMatch
WARNING: Unable to find an exact match for CDP version 111, so returning the closest version found: 108
]]></system-err>
</testsuite>
